<?xml version="1.0" encoding="UTF-8"?>
<!-- Generated by org.testng.reporters.JUnitReportReporter -->
<testsuite hostname="LAPTOP-HE3IJ9BH" failures="0" tests="1" name="TestDrive.Logintest" time="14.044" errors="0" timestamp="2023-09-02T18:20:23 IST" skipped="0">
  <testcase classname="TestDrive.Logintest" name="Login" time="14.044"/>
  <system-out/>
</testsuite> <!-- TestDrive.Logintest -->
