<?xml version="1.0" encoding="UTF-8"?>
<!-- Generated by org.testng.reporters.JUnitReportReporter -->
<testsuite hostname="LAPTOP-HE3IJ9BH" failures="0" tests="3" name="TestDrive.Validationtest" time="39.924" errors="0" timestamp="2023-09-02T18:20:23 IST" skipped="0">
  <testcase classname="TestDrive.Validationtest" name="ValidationOnElement3" time="13.269"/>
  <system-out/>
  <testcase classname="TestDrive.Validationtest" name="ValidationOnElement2" time="13.340"/>
  <system-out/>
  <testcase classname="TestDrive.Validationtest" name="ValidationOnElement1" time="13.315"/>
  <system-out/>
</testsuite> <!-- TestDrive.Validationtest -->
